<?xml version="1.0" encoding="UTF-8"?>
<coverage generated="1686230309474" clover="3.2.0">
  <project timestamp="1686230309475" name="All files">
    <metrics statements="79" coveredstatements="76" conditionals="40" coveredconditionals="36" methods="21" coveredmethods="21" elements="140" coveredelements="133" complexity="0" loc="79" ncloc="79" packages="2" files="7" classes="7"/>
    <package name="src">
      <metrics statements="28" coveredstatements="26" conditionals="14" coveredconditionals="12" methods="7" coveredmethods="7"/>
      <file name="buildTree.js" path="/Users/ivansavvinov/Documents/Hexlet/project-2/frontend-project-46/src/buildTree.js">
        <metrics statements="14" coveredstatements="14" conditionals="10" coveredconditionals="10" methods="2" coveredmethods="2"/>
        <line num="3" count="1" type="stmt"/>
        <line num="4" count="30" type="stmt"/>
        <line num="5" count="30" type="stmt"/>
        <line num="7" count="30" type="stmt"/>
        <line num="8" count="108" type="cond" truecount="2" falsecount="0"/>
        <line num="9" count="30" type="stmt"/>
        <line num="12" count="78" type="cond" truecount="2" falsecount="0"/>
        <line num="13" count="12" type="stmt"/>
        <line num="16" count="66" type="cond" truecount="4" falsecount="0"/>
        <line num="17" count="24" type="stmt"/>
        <line num="20" count="42" type="cond" truecount="2" falsecount="0"/>
        <line num="21" count="24" type="stmt"/>
        <line num="26" count="18" type="stmt"/>
        <line num="28" count="30" type="stmt"/>
      </file>
      <file name="index.js" path="/Users/ivansavvinov/Documents/Hexlet/project-2/frontend-project-46/src/index.js">
        <metrics statements="8" coveredstatements="8" conditionals="0" coveredconditionals="0" methods="4" coveredmethods="4"/>
        <line num="7" count="12" type="stmt"/>
        <line num="9" count="12" type="stmt"/>
        <line num="11" count="12" type="stmt"/>
        <line num="13" count="1" type="stmt"/>
        <line num="14" count="6" type="stmt"/>
        <line num="15" count="6" type="stmt"/>
        <line num="16" count="6" type="stmt"/>
        <line num="17" count="6" type="stmt"/>
      </file>
      <file name="parsers.js" path="/Users/ivansavvinov/Documents/Hexlet/project-2/frontend-project-46/src/parsers.js">
        <metrics statements="6" coveredstatements="4" conditionals="4" coveredconditionals="2" methods="1" coveredmethods="1"/>
        <line num="3" count="1" type="stmt"/>
        <line num="4" count="12" type="cond" truecount="2" falsecount="2"/>
        <line num="6" count="6" type="stmt"/>
        <line num="8" count="6" type="stmt"/>
        <line num="10" count="0" type="stmt"/>
        <line num="12" count="0" type="stmt"/>
      </file>
    </package>
    <package name="src.formatters">
      <metrics statements="51" coveredstatements="50" conditionals="26" coveredconditionals="24" methods="14" coveredmethods="14"/>
      <file name="index.js" path="/Users/ivansavvinov/Documents/Hexlet/project-2/frontend-project-46/src/formatters/index.js">
        <metrics statements="5" coveredstatements="5" conditionals="4" coveredconditionals="4" methods="1" coveredmethods="1"/>
        <line num="5" count="1" type="cond" truecount="1" falsecount="0"/>
        <line num="6" count="6" type="cond" truecount="3" falsecount="0"/>
        <line num="8" count="2" type="stmt"/>
        <line num="10" count="2" type="stmt"/>
        <line num="12" count="2" type="stmt"/>
      </file>
      <file name="json.js" path="/Users/ivansavvinov/Documents/Hexlet/project-2/frontend-project-46/src/formatters/json.js">
        <metrics statements="1" coveredstatements="1" conditionals="0" coveredconditionals="0" methods="1" coveredmethods="1"/>
        <line num="1" count="2" type="stmt"/>
      </file>
      <file name="plain.js" path="/Users/ivansavvinov/Documents/Hexlet/project-2/frontend-project-46/src/formatters/plain.js">
        <metrics statements="17" coveredstatements="17" conditionals="11" coveredconditionals="11" methods="6" coveredmethods="6"/>
        <line num="3" count="1" type="stmt"/>
        <line num="4" count="26" type="cond" truecount="2" falsecount="0"/>
        <line num="5" count="6" type="stmt"/>
        <line num="7" count="20" type="cond" truecount="2" falsecount="0"/>
        <line num="10" count="36" type="cond" truecount="2" falsecount="0"/>
        <line num="12" count="1" type="stmt"/>
        <line num="13" count="2" type="stmt"/>
        <line num="14" count="10" type="stmt"/>
        <line num="15" count="36" type="stmt"/>
        <line num="16" count="36" type="cond" truecount="5" falsecount="0"/>
        <line num="18" count="8" type="stmt"/>
        <line num="20" count="10" type="stmt"/>
        <line num="22" count="4" type="stmt"/>
        <line num="24" count="8" type="stmt"/>
        <line num="25" count="6" type="stmt"/>
        <line num="28" count="36" type="stmt"/>
        <line num="30" count="2" type="stmt"/>
      </file>
      <file name="stylish.js" path="/Users/ivansavvinov/Documents/Hexlet/project-2/frontend-project-46/src/formatters/stylish.js">
        <metrics statements="28" coveredstatements="27" conditionals="11" coveredconditionals="9" methods="6" coveredmethods="6"/>
        <line num="3" count="1" type="stmt"/>
        <line num="4" count="84" type="cond" truecount="1" falsecount="1"/>
        <line num="5" count="84" type="stmt"/>
        <line num="6" count="84" type="stmt"/>
        <line num="7" count="84" type="stmt"/>
        <line num="10" count="1" type="stmt"/>
        <line num="11" count="54" type="cond" truecount="2" falsecount="0"/>
        <line num="12" count="40" type="stmt"/>
        <line num="14" count="14" type="stmt"/>
        <line num="15" count="18" type="stmt"/>
        <line num="16" count="14" type="stmt"/>
        <line num="17" count="14" type="stmt"/>
        <line num="20" count="1" type="stmt"/>
        <line num="21" count="10" type="stmt"/>
        <line num="22" count="36" type="cond" truecount="5" falsecount="1"/>
        <line num="24" count="10" type="stmt"/>
        <line num="27" count="4" type="stmt"/>
        <line num="30" count="8" type="stmt"/>
        <line num="31" count="8" type="stmt"/>
        <line num="34" count="6" type="stmt"/>
        <line num="37" count="8" type="stmt"/>
        <line num="38" count="8" type="stmt"/>
        <line num="39" count="8" type="stmt"/>
        <line num="42" count="0" type="stmt"/>
        <line num="46" count="10" type="stmt"/>
        <line num="49" count="1" type="cond" truecount="1" falsecount="0"/>
        <line num="50" count="2" type="stmt"/>
        <line num="51" count="2" type="stmt"/>
      </file>
    </package>
  </project>
</coverage>
