{"/Users/ivansavvinov/Documents/Hexlet/project-2/frontend-project-46/src/buildTree.js": {"path":"/Users/ivansavvinov/Documents/Hexlet/project-2/frontend-project-46/src/buildTree.js","statementMap":{"0":{"start":{"line":3,"column":18},"end":{"line":29,"column":1}},"1":{"start":{"line":4,"column":15},"end":{"line":4,"column":52}},"2":{"start":{"line":5,"column":21},"end":{"line":5,"column":35}},"3":{"start":{"line":7,"column":17},"end":{"line":27,"column":4}},"4":{"start":{"line":8,"column":4},"end":{"line":10,"column":5}},"5":{"start":{"line":9,"column":6},"end":{"line":9,"column":55}},"6":{"start":{"line":12,"column":4},"end":{"line":14,"column":5}},"7":{"start":{"line":13,"column":6},"end":{"line":13,"column":57}},"8":{"start":{"line":16,"column":4},"end":{"line":18,"column":5}},"9":{"start":{"line":17,"column":6},"end":{"line":17,"column":82}},"10":{"start":{"line":20,"column":4},"end":{"line":24,"column":5}},"11":{"start":{"line":21,"column":6},"end":{"line":23,"column":8}},"12":{"start":{"line":26,"column":4},"end":{"line":26,"column":57}},"13":{"start":{"line":28,"column":2},"end":{"line":28,"column":16}}},"fnMap":{"0":{"name":"(anonymous_0)","decl":{"start":{"line":3,"column":18},"end":{"line":3,"column":19}},"loc":{"start":{"line":3,"column":36},"end":{"line":29,"column":1}},"line":3},"1":{"name":"(anonymous_1)","decl":{"start":{"line":7,"column":32},"end":{"line":7,"column":33}},"loc":{"start":{"line":7,"column":41},"end":{"line":27,"column":3}},"line":7}},"branchMap":{"0":{"loc":{"start":{"line":8,"column":4},"end":{"line":10,"column":5}},"type":"if","locations":[{"start":{"line":8,"column":4},"end":{"line":10,"column":5}},{"start":{},"end":{}}],"line":8},"1":{"loc":{"start":{"line":12,"column":4},"end":{"line":14,"column":5}},"type":"if","locations":[{"start":{"line":12,"column":4},"end":{"line":14,"column":5}},{"start":{},"end":{}}],"line":12},"2":{"loc":{"start":{"line":16,"column":4},"end":{"line":18,"column":5}},"type":"if","locations":[{"start":{"line":16,"column":4},"end":{"line":18,"column":5}},{"start":{},"end":{}}],"line":16},"3":{"loc":{"start":{"line":16,"column":8},"end":{"line":16,"column":66}},"type":"binary-expr","locations":[{"start":{"line":16,"column":8},"end":{"line":16,"column":35}},{"start":{"line":16,"column":39},"end":{"line":16,"column":66}}],"line":16},"4":{"loc":{"start":{"line":20,"column":4},"end":{"line":24,"column":5}},"type":"if","locations":[{"start":{"line":20,"column":4},"end":{"line":24,"column":5}},{"start":{},"end":{}}],"line":20}},"s":{"0":1,"1":30,"2":30,"3":30,"4":108,"5":30,"6":78,"7":12,"8":66,"9":24,"10":42,"11":24,"12":18,"13":30},"f":{"0":30,"1":108},"b":{"0":[30,78],"1":[12,66],"2":[24,42],"3":[66,30],"4":[24,18]},"_coverageSchema":"1a1c01bbd47fc00a2c39e90264f33305004495a9","hash":"173dc5a43ba4e1be9167946e258c0eebb7aa9cdc"}
,"/Users/ivansavvinov/Documents/Hexlet/project-2/frontend-project-46/src/index.js": {"path":"/Users/ivansavvinov/Documents/Hexlet/project-2/frontend-project-46/src/index.js","statementMap":{"0":{"start":{"line":7,"column":18},"end":{"line":7,"column":69}},"1":{"start":{"line":7,"column":32},"end":{"line":7,"column":69}},"2":{"start":{"line":9,"column":22},"end":{"line":9,"column":75}},"3":{"start":{"line":9,"column":36},"end":{"line":9,"column":75}},"4":{"start":{"line":11,"column":16},"end":{"line":11,"column":95}},"5":{"start":{"line":11,"column":30},"end":{"line":11,"column":95}},"6":{"start":{"line":13,"column":16},"end":{"line":18,"column":1}},"7":{"start":{"line":14,"column":16},"end":{"line":14,"column":45}},"8":{"start":{"line":15,"column":16},"end":{"line":15,"column":45}},"9":{"start":{"line":16,"column":15},"end":{"line":16,"column":38}},"10":{"start":{"line":17,"column":2},"end":{"line":17,"column":33}}},"fnMap":{"0":{"name":"(anonymous_0)","decl":{"start":{"line":7,"column":18},"end":{"line":7,"column":19}},"loc":{"start":{"line":7,"column":32},"end":{"line":7,"column":69}},"line":7},"1":{"name":"(anonymous_1)","decl":{"start":{"line":9,"column":22},"end":{"line":9,"column":23}},"loc":{"start":{"line":9,"column":36},"end":{"line":9,"column":75}},"line":9},"2":{"name":"(anonymous_2)","decl":{"start":{"line":11,"column":16},"end":{"line":11,"column":17}},"loc":{"start":{"line":11,"column":30},"end":{"line":11,"column":95}},"line":11},"3":{"name":"(anonymous_3)","decl":{"start":{"line":13,"column":16},"end":{"line":13,"column":17}},"loc":{"start":{"line":13,"column":50},"end":{"line":18,"column":1}},"line":13}},"branchMap":{},"s":{"0":1,"1":12,"2":1,"3":12,"4":1,"5":12,"6":1,"7":6,"8":6,"9":6,"10":6},"f":{"0":12,"1":12,"2":12,"3":6},"b":{},"_coverageSchema":"1a1c01bbd47fc00a2c39e90264f33305004495a9","hash":"00c571adae09c964d441affb6a65ad62d8205c50"}
,"/Users/ivansavvinov/Documents/Hexlet/project-2/frontend-project-46/src/parsers.js": {"path":"/Users/ivansavvinov/Documents/Hexlet/project-2/frontend-project-46/src/parsers.js","statementMap":{"0":{"start":{"line":3,"column":14},"end":{"line":14,"column":1}},"1":{"start":{"line":4,"column":2},"end":{"line":13,"column":3}},"2":{"start":{"line":6,"column":6},"end":{"line":6,"column":30}},"3":{"start":{"line":8,"column":6},"end":{"line":8,"column":29}},"4":{"start":{"line":10,"column":6},"end":{"line":10,"column":29}},"5":{"start":{"line":12,"column":6},"end":{"line":12,"column":51}}},"fnMap":{"0":{"name":"(anonymous_0)","decl":{"start":{"line":3,"column":14},"end":{"line":3,"column":15}},"loc":{"start":{"line":3,"column":32},"end":{"line":14,"column":1}},"line":3}},"branchMap":{"0":{"loc":{"start":{"line":4,"column":2},"end":{"line":13,"column":3}},"type":"switch","locations":[{"start":{"line":5,"column":4},"end":{"line":6,"column":30}},{"start":{"line":7,"column":4},"end":{"line":8,"column":29}},{"start":{"line":9,"column":4},"end":{"line":10,"column":29}},{"start":{"line":11,"column":4},"end":{"line":12,"column":51}}],"line":4}},"s":{"0":1,"1":12,"2":6,"3":6,"4":0,"5":0},"f":{"0":12},"b":{"0":[6,6,0,0]},"_coverageSchema":"1a1c01bbd47fc00a2c39e90264f33305004495a9","hash":"aa760f02820de6819fb38523ef995bbbedf3cf4e"}
,"/Users/ivansavvinov/Documents/Hexlet/project-2/frontend-project-46/src/formatters/index.js": {"path":"/Users/ivansavvinov/Documents/Hexlet/project-2/frontend-project-46/src/formatters/index.js","statementMap":{"0":{"start":{"line":5,"column":18},"end":{"line":14,"column":1}},"1":{"start":{"line":6,"column":2},"end":{"line":13,"column":3}},"2":{"start":{"line":8,"column":6},"end":{"line":8,"column":31}},"3":{"start":{"line":10,"column":6},"end":{"line":10,"column":30}},"4":{"start":{"line":12,"column":6},"end":{"line":12,"column":33}}},"fnMap":{"0":{"name":"(anonymous_0)","decl":{"start":{"line":5,"column":18},"end":{"line":5,"column":19}},"loc":{"start":{"line":5,"column":48},"end":{"line":14,"column":1}},"line":5}},"branchMap":{"0":{"loc":{"start":{"line":5,"column":25},"end":{"line":5,"column":43}},"type":"default-arg","locations":[{"start":{"line":5,"column":34},"end":{"line":5,"column":43}}],"line":5},"1":{"loc":{"start":{"line":6,"column":2},"end":{"line":13,"column":3}},"type":"switch","locations":[{"start":{"line":7,"column":4},"end":{"line":8,"column":31}},{"start":{"line":9,"column":4},"end":{"line":10,"column":30}},{"start":{"line":11,"column":4},"end":{"line":12,"column":33}}],"line":6}},"s":{"0":1,"1":6,"2":2,"3":2,"4":2},"f":{"0":6},"b":{"0":[2],"1":[2,2,2]},"_coverageSchema":"1a1c01bbd47fc00a2c39e90264f33305004495a9","hash":"dc214631924d9bc60452037ff6704af74674e9d0"}
,"/Users/ivansavvinov/Documents/Hexlet/project-2/frontend-project-46/src/formatters/json.js": {"path":"/Users/ivansavvinov/Documents/Hexlet/project-2/frontend-project-46/src/formatters/json.js","statementMap":{"0":{"start":{"line":1,"column":19},"end":{"line":1,"column":58}},"1":{"start":{"line":1,"column":29},"end":{"line":1,"column":58}}},"fnMap":{"0":{"name":"(anonymous_0)","decl":{"start":{"line":1,"column":19},"end":{"line":1,"column":20}},"loc":{"start":{"line":1,"column":29},"end":{"line":1,"column":58}},"line":1}},"branchMap":{},"s":{"0":1,"1":2},"f":{"0":2},"b":{},"_coverageSchema":"1a1c01bbd47fc00a2c39e90264f33305004495a9","hash":"92f6591b2b1631339161ebe34c3578a2557c1af9"}
,"/Users/ivansavvinov/Documents/Hexlet/project-2/frontend-project-46/src/formatters/plain.js": {"path":"/Users/ivansavvinov/Documents/Hexlet/project-2/frontend-project-46/src/formatters/plain.js","statementMap":{"0":{"start":{"line":3,"column":18},"end":{"line":8,"column":1}},"1":{"start":{"line":4,"column":2},"end":{"line":6,"column":3}},"2":{"start":{"line":5,"column":4},"end":{"line":5,"column":29}},"3":{"start":{"line":7,"column":2},"end":{"line":7,"column":63}},"4":{"start":{"line":10,"column":16},"end":{"line":10,"column":103}},"5":{"start":{"line":10,"column":33},"end":{"line":10,"column":102}},"6":{"start":{"line":12,"column":14},"end":{"line":31,"column":1}},"7":{"start":{"line":13,"column":15},"end":{"line":29,"column":3}},"8":{"start":{"line":14,"column":19},"end":{"line":27,"column":6}},"9":{"start":{"line":15,"column":26},"end":{"line":15,"column":45}},"10":{"start":{"line":16,"column":6},"end":{"line":26,"column":7}},"11":{"start":{"line":18,"column":10},"end":{"line":18,"column":50}},"12":{"start":{"line":20,"column":10},"end":{"line":20,"column":92}},"13":{"start":{"line":22,"column":10},"end":{"line":22,"column":57}},"14":{"start":{"line":24,"column":10},"end":{"line":24,"column":122}},"15":{"start":{"line":25,"column":17},"end":{"line":25,"column":27}},"16":{"start":{"line":28,"column":4},"end":{"line":28,"column":59}},"17":{"start":{"line":28,"column":35},"end":{"line":28,"column":46}},"18":{"start":{"line":30,"column":2},"end":{"line":30,"column":34}}},"fnMap":{"0":{"name":"(anonymous_0)","decl":{"start":{"line":3,"column":18},"end":{"line":3,"column":19}},"loc":{"start":{"line":3,"column":29},"end":{"line":8,"column":1}},"line":3},"1":{"name":"(anonymous_1)","decl":{"start":{"line":10,"column":16},"end":{"line":10,"column":17}},"loc":{"start":{"line":10,"column":33},"end":{"line":10,"column":102}},"line":10},"2":{"name":"(anonymous_2)","decl":{"start":{"line":12,"column":14},"end":{"line":12,"column":15}},"loc":{"start":{"line":12,"column":34},"end":{"line":31,"column":1}},"line":12},"3":{"name":"(anonymous_3)","decl":{"start":{"line":13,"column":15},"end":{"line":13,"column":16}},"loc":{"start":{"line":13,"column":42},"end":{"line":29,"column":3}},"line":13},"4":{"name":"(anonymous_4)","decl":{"start":{"line":14,"column":39},"end":{"line":14,"column":40}},"loc":{"start":{"line":14,"column":49},"end":{"line":27,"column":5}},"line":14},"5":{"name":"(anonymous_5)","decl":{"start":{"line":28,"column":25},"end":{"line":28,"column":26}},"loc":{"start":{"line":28,"column":35},"end":{"line":28,"column":46}},"line":28}},"branchMap":{"0":{"loc":{"start":{"line":4,"column":2},"end":{"line":6,"column":3}},"type":"if","locations":[{"start":{"line":4,"column":2},"end":{"line":6,"column":3}},{"start":{},"end":{}}],"line":4},"1":{"loc":{"start":{"line":7,"column":9},"end":{"line":7,"column":62}},"type":"cond-expr","locations":[{"start":{"line":7,"column":37},"end":{"line":7,"column":49}},{"start":{"line":7,"column":52},"end":{"line":7,"column":62}}],"line":7},"2":{"loc":{"start":{"line":10,"column":33},"end":{"line":10,"column":102}},"type":"cond-expr","locations":[{"start":{"line":10,"column":58},"end":{"line":10,"column":79}},{"start":{"line":10,"column":82},"end":{"line":10,"column":102}}],"line":10},"3":{"loc":{"start":{"line":16,"column":6},"end":{"line":26,"column":7}},"type":"switch","locations":[{"start":{"line":17,"column":8},"end":{"line":18,"column":50}},{"start":{"line":19,"column":8},"end":{"line":20,"column":92}},{"start":{"line":21,"column":8},"end":{"line":22,"column":57}},{"start":{"line":23,"column":8},"end":{"line":24,"column":122}},{"start":{"line":25,"column":8},"end":{"line":25,"column":27}}],"line":16}},"s":{"0":1,"1":26,"2":6,"3":20,"4":1,"5":36,"6":1,"7":2,"8":10,"9":36,"10":36,"11":8,"12":10,"13":4,"14":8,"15":6,"16":10,"17":36,"18":2},"f":{"0":26,"1":36,"2":2,"3":10,"4":36,"5":36},"b":{"0":[6,20],"1":[14,6],"2":[8,28],"3":[8,10,4,8,6]},"_coverageSchema":"1a1c01bbd47fc00a2c39e90264f33305004495a9","hash":"d3913e335f4980c78f9ab36421ce60d6f12916ac"}
,"/Users/ivansavvinov/Documents/Hexlet/project-2/frontend-project-46/src/formatters/stylish.js": {"path":"/Users/ivansavvinov/Documents/Hexlet/project-2/frontend-project-46/src/formatters/stylish.js","statementMap":{"0":{"start":{"line":3,"column":15},"end":{"line":8,"column":1}},"1":{"start":{"line":4,"column":2},"end":{"line":4,"column":27}},"2":{"start":{"line":4,"column":17},"end":{"line":4,"column":27}},"3":{"start":{"line":5,"column":22},"end":{"line":5,"column":23}},"4":{"start":{"line":6,"column":19},"end":{"line":6,"column":22}},"5":{"start":{"line":7,"column":2},"end":{"line":7,"column":50}},"6":{"start":{"line":10,"column":18},"end":{"line":18,"column":1}},"7":{"start":{"line":11,"column":2},"end":{"line":13,"column":3}},"8":{"start":{"line":12,"column":4},"end":{"line":12,"column":21}},"9":{"start":{"line":14,"column":18},"end":{"line":14,"column":38}},"10":{"start":{"line":15,"column":17},"end":{"line":15,"column":110}},"11":{"start":{"line":15,"column":47},"end":{"line":15,"column":109}},"12":{"start":{"line":16,"column":16},"end":{"line":16,"column":66}},"13":{"start":{"line":17,"column":2},"end":{"line":17,"column":15}},"14":{"start":{"line":20,"column":13},"end":{"line":47,"column":1}},"15":{"start":{"line":21,"column":17},"end":{"line":45,"column":4}},"16":{"start":{"line":22,"column":4},"end":{"line":44,"column":5}},"17":{"start":{"line":24,"column":8},"end":{"line":24,"column":80}},"18":{"start":{"line":27,"column":8},"end":{"line":27,"column":80}},"19":{"start":{"line":30,"column":23},"end":{"line":30,"column":53}},"20":{"start":{"line":31,"column":8},"end":{"line":31,"column":93}},"21":{"start":{"line":34,"column":8},"end":{"line":34,"column":80}},"22":{"start":{"line":37,"column":24},"end":{"line":37,"column":91}},"23":{"start":{"line":38,"column":24},"end":{"line":38,"column":91}},"24":{"start":{"line":39,"column":8},"end":{"line":39,"column":40}},"25":{"start":{"line":42,"column":8},"end":{"line":42,"column":62}},"26":{"start":{"line":46,"column":2},"end":{"line":46,"column":16}},"27":{"start":{"line":49,"column":22},"end":{"line":52,"column":1}},"28":{"start":{"line":50,"column":14},"end":{"line":50,"column":64}},"29":{"start":{"line":51,"column":2},"end":{"line":51,"column":13}}},"fnMap":{"0":{"name":"(anonymous_0)","decl":{"start":{"line":3,"column":15},"end":{"line":3,"column":16}},"loc":{"start":{"line":3,"column":26},"end":{"line":8,"column":1}},"line":3},"1":{"name":"(anonymous_1)","decl":{"start":{"line":10,"column":18},"end":{"line":10,"column":19}},"loc":{"start":{"line":10,"column":35},"end":{"line":18,"column":1}},"line":10},"2":{"name":"(anonymous_2)","decl":{"start":{"line":15,"column":29},"end":{"line":15,"column":30}},"loc":{"start":{"line":15,"column":47},"end":{"line":15,"column":109}},"line":15},"3":{"name":"(anonymous_3)","decl":{"start":{"line":20,"column":13},"end":{"line":20,"column":14}},"loc":{"start":{"line":20,"column":29},"end":{"line":47,"column":1}},"line":20},"4":{"name":"(anonymous_4)","decl":{"start":{"line":21,"column":25},"end":{"line":21,"column":26}},"loc":{"start":{"line":21,"column":35},"end":{"line":45,"column":3}},"line":21},"5":{"name":"(anonymous_5)","decl":{"start":{"line":49,"column":22},"end":{"line":49,"column":23}},"loc":{"start":{"line":49,"column":43},"end":{"line":52,"column":1}},"line":49}},"branchMap":{"0":{"loc":{"start":{"line":4,"column":2},"end":{"line":4,"column":27}},"type":"if","locations":[{"start":{"line":4,"column":2},"end":{"line":4,"column":27}},{"start":{},"end":{}}],"line":4},"1":{"loc":{"start":{"line":11,"column":2},"end":{"line":13,"column":3}},"type":"if","locations":[{"start":{"line":11,"column":2},"end":{"line":13,"column":3}},{"start":{},"end":{}}],"line":11},"2":{"loc":{"start":{"line":22,"column":4},"end":{"line":44,"column":5}},"type":"switch","locations":[{"start":{"line":23,"column":6},"end":{"line":25,"column":7}},{"start":{"line":26,"column":6},"end":{"line":28,"column":7}},{"start":{"line":29,"column":6},"end":{"line":32,"column":7}},{"start":{"line":33,"column":6},"end":{"line":35,"column":7}},{"start":{"line":36,"column":6},"end":{"line":40,"column":7}},{"start":{"line":41,"column":6},"end":{"line":43,"column":7}}],"line":22},"3":{"loc":{"start":{"line":49,"column":29},"end":{"line":49,"column":38}},"type":"default-arg","locations":[{"start":{"line":49,"column":37},"end":{"line":49,"column":38}}],"line":49}},"s":{"0":1,"1":84,"2":0,"3":84,"4":84,"5":84,"6":1,"7":54,"8":40,"9":14,"10":14,"11":18,"12":14,"13":14,"14":1,"15":10,"16":36,"17":10,"18":4,"19":8,"20":8,"21":6,"22":8,"23":8,"24":8,"25":0,"26":10,"27":1,"28":2,"29":2},"f":{"0":84,"1":54,"2":18,"3":10,"4":36,"5":2},"b":{"0":[0,84],"1":[40,14],"2":[10,4,8,6,8,0],"3":[2]},"_coverageSchema":"1a1c01bbd47fc00a2c39e90264f33305004495a9","hash":"64e5d323bf8113ca96b75b9b707deb404ceaaf1a"}
}
