TN:
SF:src/buildTree.js
FN:3,(anonymous_0)
FN:7,(anonymous_1)
FNF:2
FNH:2
FNDA:30,(anonymous_0)
FNDA:108,(anonymous_1)
DA:3,1
DA:4,30
DA:5,30
DA:7,30
DA:8,108
DA:9,30
DA:12,78
DA:13,12
DA:16,66
DA:17,24
DA:20,42
DA:21,24
DA:26,18
DA:28,30
LF:14
LH:14
BRDA:8,0,0,30
BRDA:8,0,1,78
BRDA:12,1,0,12
BRDA:12,1,1,66
BRDA:16,2,0,24
BRDA:16,2,1,42
BRDA:16,3,0,66
BRDA:16,3,1,30
BRDA:20,4,0,24
BRDA:20,4,1,18
BRF:10
BRH:10
end_of_record
TN:
SF:src/index.js
FN:7,(anonymous_0)
FN:9,(anonymous_1)
FN:11,(anonymous_2)
FN:13,(anonymous_3)
FNF:4
FNH:4
FNDA:12,(anonymous_0)
FNDA:12,(anonymous_1)
FNDA:12,(anonymous_2)
FNDA:6,(anonymous_3)
DA:7,12
DA:9,12
DA:11,12
DA:13,1
DA:14,6
DA:15,6
DA:16,6
DA:17,6
LF:8
LH:8
BRF:0
BRH:0
end_of_record
TN:
SF:src/parsers.js
FN:3,(anonymous_0)
FNF:1
FNH:1
FNDA:12,(anonymous_0)
DA:3,1
DA:4,12
DA:6,6
DA:8,6
DA:10,0
DA:12,0
LF:6
LH:4
BRDA:4,0,0,6
BRDA:4,0,1,6
BRDA:4,0,2,0
BRDA:4,0,3,0
BRF:4
BRH:2
end_of_record
TN:
SF:src/formatters/index.js
FN:5,(anonymous_0)
FNF:1
FNH:1
FNDA:6,(anonymous_0)
DA:5,1
DA:6,6
DA:8,2
DA:10,2
DA:12,2
LF:5
LH:5
BRDA:5,0,0,2
BRDA:6,1,0,2
BRDA:6,1,1,2
BRDA:6,1,2,2
BRF:4
BRH:4
end_of_record
TN:
SF:src/formatters/json.js
FN:1,(anonymous_0)
FNF:1
FNH:1
FNDA:2,(anonymous_0)
DA:1,2
LF:1
LH:1
BRF:0
BRH:0
end_of_record
TN:
SF:src/formatters/plain.js
FN:3,(anonymous_0)
FN:10,(anonymous_1)
FN:12,(anonymous_2)
FN:13,(anonymous_3)
FN:14,(anonymous_4)
FN:28,(anonymous_5)
FNF:6
FNH:6
FNDA:26,(anonymous_0)
FNDA:36,(anonymous_1)
FNDA:2,(anonymous_2)
FNDA:10,(anonymous_3)
FNDA:36,(anonymous_4)
FNDA:36,(anonymous_5)
DA:3,1
DA:4,26
DA:5,6
DA:7,20
DA:10,36
DA:12,1
DA:13,2
DA:14,10
DA:15,36
DA:16,36
DA:18,8
DA:20,10
DA:22,4
DA:24,8
DA:25,6
DA:28,36
DA:30,2
LF:17
LH:17
BRDA:4,0,0,6
BRDA:4,0,1,20
BRDA:7,1,0,14
BRDA:7,1,1,6
BRDA:10,2,0,8
BRDA:10,2,1,28
BRDA:16,3,0,8
BRDA:16,3,1,10
BRDA:16,3,2,4
BRDA:16,3,3,8
BRDA:16,3,4,6
BRF:11
BRH:11
end_of_record
TN:
SF:src/formatters/stylish.js
FN:3,(anonymous_0)
FN:10,(anonymous_1)
FN:15,(anonymous_2)
FN:20,(anonymous_3)
FN:21,(anonymous_4)
FN:49,(anonymous_5)
FNF:6
FNH:6
FNDA:84,(anonymous_0)
FNDA:54,(anonymous_1)
FNDA:18,(anonymous_2)
FNDA:10,(anonymous_3)
FNDA:36,(anonymous_4)
FNDA:2,(anonymous_5)
DA:3,1
DA:4,84
DA:5,84
DA:6,84
DA:7,84
DA:10,1
DA:11,54
DA:12,40
DA:14,14
DA:15,18
DA:16,14
DA:17,14
DA:20,1
DA:21,10
DA:22,36
DA:24,10
DA:27,4
DA:30,8
DA:31,8
DA:34,6
DA:37,8
DA:38,8
DA:39,8
DA:42,0
DA:46,10
DA:49,1
DA:50,2
DA:51,2
LF:28
LH:27
BRDA:4,0,0,0
BRDA:4,0,1,84
BRDA:11,1,0,40
BRDA:11,1,1,14
BRDA:22,2,0,10
BRDA:22,2,1,4
BRDA:22,2,2,8
BRDA:22,2,3,6
BRDA:22,2,4,8
BRDA:22,2,5,0
BRDA:49,3,0,2
BRF:11
BRH:9
end_of_record
